03/09/2015 09:46:32 [---------------------------------------------------]
03/09/2015 09:46:32 [Iniciando verificação de pasta]
03/09/2015 09:46:32 [sIniciarVerificacao: O nome de diretório C:\GSMtoWAV\GRAVACOES\ é inválido.]
03/09/2015 09:46:32 [---------------------------------------------------]
03/09/2015 09:47:13 [Serviço parado]
03/09/2015 09:47:35 [---------------------------------------------------]
03/09/2015 09:47:35 [Iniciando verificação de pasta]
03/09/2015 09:47:35 [sIniciarVerificacao: O nome de diretório C:\GSMtoWAV\GRAVACOES\ é inválido.]
03/09/2015 09:47:35 [---------------------------------------------------]
03/09/2015 09:48:15 [Serviço parado]
03/09/2015 09:48:17 [---------------------------------------------------]
03/09/2015 09:48:17 [Iniciando verificação de pasta]
03/09/2015 09:48:17 [Verificação de pasta iniciada com sucesso em: C:\GSMtoWAV\]
03/09/2015 09:48:17 [---------------------------------------------------]
03/09/2015 09:48:28 [Realizando conversão do arquivo: C:\GSMtoWAV\SOX\sox.exe C:\GSMtoWAV\GRAVACOES\238030076.gsm -r 8000 -c1 c:\gsmtowav\gravacoes\238030076.wav]
03/09/2015 09:48:28 [--------- ATENÇÃO--------- Programa de conversão não localizado: C:\GSMtoWAV\SOX\sox.exe]
03/09/2015 09:49:13 [Realizando conversão do arquivo: C:\GSMtoWAV\SOX\sox.exe C:\GSMtoWAV\GRAVACOES\238030076.gsm -r 8000 -c1 c:\gsmtowav\gravacoes\238030076.wav]
03/09/2015 09:49:13 [-----------deletando arquivo: c:\gsmtowav\gravacoes\238030076.gsm]
03/09/2015 09:49:21 [Realizando conversão do arquivo: C:\GSMtoWAV\SOX\sox.exe C:\GSMtoWAV\GRAVACOES\239016093.gsm -r 8000 -c1 c:\gsmtowav\gravacoes\239016093.wav]
03/09/2015 09:49:21 [Realizando conversão do arquivo: C:\GSMtoWAV\SOX\sox.exe C:\GSMtoWAV\GRAVACOES\740145161.gsm -r 8000 -c1 c:\gsmtowav\gravacoes\740145161.wav]
03/09/2015 09:49:21 [Realizando conversão do arquivo: C:\GSMtoWAV\SOX\sox.exe C:\GSMtoWAV\GRAVACOES\146081595.gsm -r 8000 -c1 c:\gsmtowav\gravacoes\146081595.wav]
03/09/2015 09:49:22 [-----------deletando arquivo: c:\gsmtowav\gravacoes\239016093.gsm]
03/09/2015 09:49:22 [-----------deletando arquivo: c:\gsmtowav\gravacoes\740145161.gsm]
03/09/2015 09:49:22 [-----------deletando arquivo: c:\gsmtowav\gravacoes\146081595.gsm]
03/09/2015 09:50:05 [Serviço parado]
